K:\1200\YEAR 2018\1812-090_RICHBOURG\1812-090_COVER.dwg,COVER_PAGE,3/8/2019 2:04:35 PM,cpierce,AutoCAD PDF (General Documentation).pc3,ARCH expand D (36.00 x 24.00 Inches),1:1,
K:\1200\YEAR 2018\1812-090_RICHBOURG\1812-090_COVER.dwg,D-PLOT-ELEV,3/8/2019 2:04:39 PM,cpierce,AutoCAD PDF (General Documentation).pc3,ARCH full bleed D (36.00 x 24.00 Inches),1:1,
K:\1200\YEAR 2018\1812-090_RICHBOURG\1812-090_BSMT.dwg,D-PLOT-PLAN,3/8/2019 2:04:55 PM,cpierce,AutoCAD PDF (General Documentation).pc3,ARCH full bleed D (36.00 x 24.00 Inches),1:1,
K:\1200\YEAR 2018\1812-090_RICHBOURG\1812-090_MAIN.dwg,D-PLOT-PLAN,3/8/2019 2:05:00 PM,cpierce,AutoCAD PDF (General Documentation).pc3,ARCH full bleed D (36.00 x 24.00 Inches),1:1,
K:\1200\YEAR 2018\1812-090_RICHBOURG\1812-090_MAIN.dwg,FRAMING,3/8/2019 2:05:02 PM,cpierce,AutoCAD PDF (General Documentation).pc3,ARCH full bleed D (36.00 x 24.00 Inches),1:1,
K:\1200\YEAR 2018\1812-090_RICHBOURG\1812-090_MAIN.dwg,WD SCHED,3/8/2019 2:05:03 PM,cpierce,AutoCAD PDF (General Documentation).pc3,ARCH full bleed D (36.00 x 24.00 Inches),1:1,
K:\1200\YEAR 2018\1812-090_RICHBOURG\1812-090_UPPER.dwg,D-PLOT-PLAN,3/8/2019 2:05:08 PM,cpierce,AutoCAD PDF (General Documentation).pc3,ARCH full bleed D (36.00 x 24.00 Inches),1:1,
K:\1200\YEAR 2018\1812-090_RICHBOURG\1812-090_UPPER.dwg,FRAMING,3/8/2019 2:05:10 PM,cpierce,AutoCAD PDF (General Documentation).pc3,ARCH full bleed D (36.00 x 24.00 Inches),1:1,
K:\1200\YEAR 2018\1812-090_RICHBOURG\1812-090_UPPER.dwg,WD SCHED,3/8/2019 2:05:11 PM,cpierce,AutoCAD PDF (General Documentation).pc3,ARCH full bleed D (36.00 x 24.00 Inches),1:1,
K:\1200\YEAR 2018\1812-090_RICHBOURG\1812-090_FLOOR-UPPER.dwg,D-PLOT-PLAN,3/8/2019 2:05:15 PM,cpierce,AutoCAD PDF (General Documentation).pc3,ARCH full bleed D (36.00 x 24.00 Inches),1:1,
K:\1200\YEAR 2018\1812-090_RICHBOURG\1812-090_FLOOR-MAIN.dwg,D-PLOT-PLAN,3/8/2019 2:05:19 PM,cpierce,AutoCAD PDF (General Documentation).pc3,ARCH full bleed D (36.00 x 24.00 Inches),1:1,
K:\1200\YEAR 2018\1812-090_RICHBOURG\1812-090_COVER.dwg,D-PLOT-ELEV,3/8/2019 2:11:26 PM,cpierce,CutePDF_Writer.pc3,ARCH full bleed D (36.00 x 24.00 Inches),1:1,
K:\1200\YEAR 2018\1812-090_RICHBOURG\1812-090_COVER.dwg,COVER_PAGE,3/8/2019 2:12:34 PM,cpierce,AutoCAD PDF (General Documentation).pc3,ARCH expand D (36.00 x 24.00 Inches),1:1,
K:\1200\YEAR 2018\1812-090_RICHBOURG\1812-090_COVER.dwg,D-PLOT-ELEV,3/8/2019 2:12:38 PM,cpierce,AutoCAD PDF (General Documentation).pc3,ARCH full bleed D (36.00 x 24.00 Inches),1:1,
K:\1200\YEAR 2018\1812-090_RICHBOURG\1812-090_BSMT.dwg,D-PLOT-PLAN,3/8/2019 2:12:53 PM,cpierce,AutoCAD PDF (General Documentation).pc3,ARCH full bleed D (36.00 x 24.00 Inches),1:1,
K:\1200\YEAR 2018\1812-090_RICHBOURG\1812-090_MAIN.dwg,D-PLOT-PLAN,3/8/2019 2:13:00 PM,cpierce,AutoCAD PDF (General Documentation).pc3,ARCH full bleed D (36.00 x 24.00 Inches),1:1,
K:\1200\YEAR 2018\1812-090_RICHBOURG\1812-090_MAIN.dwg,FRAMING,3/8/2019 2:13:02 PM,cpierce,AutoCAD PDF (General Documentation).pc3,ARCH full bleed D (36.00 x 24.00 Inches),1:1,
K:\1200\YEAR 2018\1812-090_RICHBOURG\1812-090_MAIN.dwg,WD SCHED,3/8/2019 2:13:04 PM,cpierce,AutoCAD PDF (General Documentation).pc3,ARCH full bleed D (36.00 x 24.00 Inches),1:1,
K:\1200\YEAR 2018\1812-090_RICHBOURG\1812-090_UPPER.dwg,D-PLOT-PLAN,3/8/2019 2:13:10 PM,cpierce,AutoCAD PDF (General Documentation).pc3,ARCH full bleed D (36.00 x 24.00 Inches),1:1,
K:\1200\YEAR 2018\1812-090_RICHBOURG\1812-090_UPPER.dwg,FRAMING,3/8/2019 2:13:11 PM,cpierce,AutoCAD PDF (General Documentation).pc3,ARCH full bleed D (36.00 x 24.00 Inches),1:1,
K:\1200\YEAR 2018\1812-090_RICHBOURG\1812-090_UPPER.dwg,WD SCHED,3/8/2019 2:13:13 PM,cpierce,AutoCAD PDF (General Documentation).pc3,ARCH full bleed D (36.00 x 24.00 Inches),1:1,
K:\1200\YEAR 2018\1812-090_RICHBOURG\1812-090_FLOOR-MAIN.dwg,D-PLOT-PLAN,3/8/2019 2:13:18 PM,cpierce,AutoCAD PDF (General Documentation).pc3,ARCH full bleed D (36.00 x 24.00 Inches),1:1,
K:\1200\YEAR 2018\1812-090_RICHBOURG\1812-090_FLOOR-UPPER.dwg,D-PLOT-PLAN,3/8/2019 2:13:23 PM,cpierce,AutoCAD PDF (General Documentation).pc3,ARCH full bleed D (36.00 x 24.00 Inches),1:1,
