K:\1000\YEAR 2018\1810-568_LEER\Files from Engineer\GENS\PAGE 8-1000-SHEATHING & SOFFIT.dwg,2-0,3/6/2019 11:32:05 AM,cpierce,CutePDF_Writer.pc3,ARCH full bleed D (36.00 x 24.00 Inches),1:1,
K:\1000\YEAR 2018\1810-568_LEER\Files from Engineer\GENS\PAGE 8-1000-SHEATHING & SOFFIT.dwg,2-0,3/6/2019 11:33:40 AM,cpierce,CutePDF_Writer.pc3,ARCH full bleed D (36.00 x 24.00 Inches),1:1,
K:\1000\YEAR 2018\1810-568_LEER\Files from Engineer\GENS\PAGE 7-1000 ROOF FRAMING DETAILS.dwg,2-0 SECOND COLLAR,3/6/2019 11:34:33 AM,cpierce,CutePDF_Writer.pc3,ARCH full bleed D (36.00 x 24.00 Inches),1:1,
K:\1000\YEAR 2018\1810-568_LEER\Files from Engineer\GENS\PAGE 6-WC8.dwg,ALL OVERHANGS,3/6/2019 11:34:44 AM,cpierce,CutePDF_Writer.pc3,ARCH full bleed D (36.00 x 24.00 Inches),1:1,
K:\1000\YEAR 2018\1810-568_LEER\Files from Engineer\GENS\PAGE 6-1000.dwg,2-0,3/6/2019 11:34:56 AM,cpierce,CutePDF_Writer.pc3,ARCH full bleed D (36.00 x 24.00 Inches),1:1,
K:\1000\YEAR 2018\1810-568_LEER\Files from Engineer\GENS\PAGE 5-TRUSS TO WALL DETAILS.dwg,2-0 OR 3-0 ENERGY SAVER,3/6/2019 11:35:14 AM,cpierce,CutePDF_Writer.pc3,ARCH full bleed D (36.00 x 24.00 Inches),1:1,
K:\1000\YEAR 2018\1810-568_LEER\Files from Engineer\GENS\PAGE 2-SLAB.dwg,1 ST EH,3/6/2019 11:35:28 AM,cpierce,CutePDF_Writer.pc3,ARCH full bleed D (36.00 x 24.00 Inches),1:1,
K:\1000\YEAR 2018\1810-568_LEER\Files from Engineer\GENS\PAGE 1-SLAB.dwg,1000,3/6/2019 11:35:44 AM,cpierce,CutePDF_Writer.pc3,ARCH full bleed D (36.00 x 24.00 Inches),1:1,
K:\1000\YEAR 2018\1810-568_LEER\Files from Engineer\GENS\1810-568_TITLE.dwg,TITLE PAGE D-SIZE,3/6/2019 11:35:57 AM,cpierce,CutePDF_Writer.pc3,ARCH full bleed D (36.00 x 24.00 Inches),1:1,
K:\1000\YEAR 2018\1810-568_LEER\Files from Engineer\GENS\PAGE 9-1000 2-0 OH.dwg,1 ST SLAB,3/6/2019 11:36:18 AM,cpierce,CutePDF_Writer.pc3,ARCH full bleed D (36.00 x 24.00 Inches),1:1,
K:\1000\YEAR 2018\1810-568_LEER\Files from Engineer\PLANS\1810-568_PERIM.dwg,D-PLOT-PLAN,3/6/2019 11:39:59 AM,cpierce,CutePDF_Writer.pc3,ARCH full bleed D (36.00 x 24.00 Inches),1:1,
K:\1000\YEAR 2018\1810-568_LEER\Files from Engineer\PLANS\1810-568_COVER.dwg,D-PLOT-ELEV,3/6/2019 11:40:22 AM,cpierce,CutePDF_Writer.pc3,ARCH full bleed D (36.00 x 24.00 Inches),1:1,
K:\1000\YEAR 2018\1810-568_LEER\Files from Engineer\PLANS\1810-568_COVER.dwg,COVER_PAGE,3/6/2019 11:40:32 AM,cpierce,CutePDF_Writer.pc3,ARCH full bleed D (36.00 x 24.00 Inches),1:1,
K:\1000\YEAR 2018\1810-568_LEER\Files from Engineer\PLANS\1810-568_ROOF.dwg,D-PLOT-PLAN,3/6/2019 11:41:02 AM,cpierce,CutePDF_Writer.pc3,ARCH full bleed D (36.00 x 24.00 Inches),1:1,
K:\1000\YEAR 2018\1810-568_LEER\Files from Engineer\PLANS\1810-568_MAIN.dwg,WD SCHED,3/6/2019 11:41:19 AM,cpierce,CutePDF_Writer.pc3,ARCH full bleed D (36.00 x 24.00 Inches),1:1,
K:\1000\YEAR 2018\1810-568_LEER\Files from Engineer\PLANS\1810-568_MAIN.dwg,FRAMING,3/6/2019 11:41:31 AM,cpierce,CutePDF_Writer.pc3,ARCH full bleed D (36.00 x 24.00 Inches),1:1,
K:\1000\YEAR 2018\1810-568_LEER\Files from Engineer\PLANS\1810-568_MAIN.dwg,D-PLOT-PLAN,3/6/2019 11:41:38 AM,cpierce,CutePDF_Writer.pc3,ARCH full bleed D (36.00 x 24.00 Inches),1:1,
K:\1000\YEAR 2018\1810-568_LEER\Files from Engineer\PLANS\1810-568_COVER.dwg,COVER_PAGE,3/6/2019 11:46:18 AM,cpierce,CutePDF_Writer.pc3,ARCH full bleed D (36.00 x 24.00 Inches),1:1,
K:\1500\YEAR 2018\1815-529_SHEPARD\Files from Engineer\GENS\PAGE 8-1500-SHEATHING & SOFFIT.dwg,3-9,3/6/2019 11:55:46 AM,cpierce,CutePDF_Writer.pc3,ARCH full bleed D (36.00 x 24.00 Inches),1:1,
K:\1500\YEAR 2018\1815-529_SHEPARD\Files from Engineer\GENS\PAGE 7-CW24 ROOF FRAMING DETAILS.dwg,3-9,3/6/2019 11:56:53 AM,cpierce,CutePDF_Writer.pc3,ARCH full bleed D (36.00 x 24.00 Inches),1:1,
K:\1500\YEAR 2018\1815-529_SHEPARD\Files from Engineer\GENS\PAGE 7-1500 ROOF FRAMING DETAILS.dwg,3-9 SECOND COLLAR,3/6/2019 11:57:21 AM,cpierce,CutePDF_Writer.pc3,ARCH full bleed D (36.00 x 24.00 Inches),1:1,
K:\1500\YEAR 2018\1815-529_SHEPARD\Files from Engineer\GENS\PAGE 6-WC24.dwg,ALL OVERHANGS,3/6/2019 11:57:44 AM,cpierce,CutePDF_Writer.pc3,ARCH full bleed D (36.00 x 24.00 Inches),1:1,
K:\1500\YEAR 2018\1815-529_SHEPARD\Files from Engineer\GENS\PAGE 6-1500.dwg,3-9,3/6/2019 11:57:56 AM,cpierce,CutePDF_Writer.pc3,ARCH full bleed D (36.00 x 24.00 Inches),1:1,
K:\1500\YEAR 2018\1815-529_SHEPARD\Files from Engineer\GENS\PAGE 5-TRUSS TO WALL DETAILS.dwg,1-9 OR 3-9,3/6/2019 11:58:08 AM,cpierce,CutePDF_Writer.pc3,ARCH full bleed D (36.00 x 24.00 Inches),1:1,
K:\1500\YEAR 2018\1815-529_SHEPARD\Files from Engineer\GENS\PAGE 2-SLAB.dwg,1 ST 1-9 OR 3-9,3/6/2019 11:58:18 AM,cpierce,CutePDF_Writer.pc3,ARCH full bleed D (36.00 x 24.00 Inches),1:1,
K:\1500\YEAR 2018\1815-529_SHEPARD\Files from Engineer\GENS\PAGE 1-SLAB.dwg,1500,3/6/2019 11:58:29 AM,cpierce,CutePDF_Writer.pc3,ARCH full bleed D (36.00 x 24.00 Inches),1:1,
K:\1500\YEAR 2018\1815-529_SHEPARD\Files from Engineer\GENS\1815-529_TITLE.dwg,TITLE PAGE D-SIZE,3/6/2019 11:58:43 AM,cpierce,CutePDF_Writer.pc3,ARCH full bleed D (36.00 x 24.00 Inches),1:1,
K:\1500\YEAR 2018\1815-529_SHEPARD\Files from Engineer\GENS\PAGE 9-1500 1-9 OR 3-9 OH.dwg,1 ST SLAB,3/6/2019 11:59:13 AM,cpierce,CutePDF_Writer.pc3,ARCH full bleed D (36.00 x 24.00 Inches),1:1,
K:\1500\YEAR 2018\1815-529_SHEPARD\Files from Engineer\PLANS\1815-529_PERIM.dwg,D-PLOT-PLAN,3/6/2019 12:09:22 PM,cpierce,CutePDF_Writer.pc3,ARCH full bleed D (36.00 x 24.00 Inches),1:1,
K:\1500\YEAR 2018\1815-529_SHEPARD\Files from Engineer\PLANS\1815-529_MAIN.dwg,FRAMING,3/6/2019 12:09:44 PM,cpierce,CutePDF_Writer.pc3,ARCH full bleed D (36.00 x 24.00 Inches),1:1,
K:\1500\YEAR 2018\1815-529_SHEPARD\Files from Engineer\PLANS\1815-529_MAIN.dwg,WD SCHED,3/6/2019 12:10:02 PM,cpierce,CutePDF_Writer.pc3,ARCH full bleed D (36.00 x 24.00 Inches),1:1,
K:\1500\YEAR 2018\1815-529_SHEPARD\Files from Engineer\PLANS\1815-529_MAIN.dwg,D-PLOT-PLAN,3/6/2019 12:10:37 PM,cpierce,CutePDF_Writer.pc3,ARCH full bleed D (36.00 x 24.00 Inches),1:1,
K:\1500\YEAR 2018\1815-529_SHEPARD\Files from Engineer\PLANS\1815-529_COVER.dwg,D-PLOT-ELEV,3/6/2019 12:11:04 PM,cpierce,CutePDF_Writer.pc3,ARCH full bleed D (36.00 x 24.00 Inches),1:1,
K:\1500\YEAR 2018\1815-529_SHEPARD\Files from Engineer\PLANS\1815-529_COVER.dwg,COVER_PAGE,3/6/2019 12:11:43 PM,cpierce,CutePDF_Writer.pc3,ARCH full bleed D (36.00 x 24.00 Inches),1:1,
K:\1500\YEAR 2018\1815-529_SHEPARD\Files from Engineer\PLANS\1815-529_ROOF.dwg,D-PLOT-PLAN,3/6/2019 12:12:01 PM,cpierce,CutePDF_Writer.pc3,ARCH full bleed D (36.00 x 24.00 Inches),1:1,
